<?xml version="1.0" encoding="UTF-8"?>
<!-- Generated by org.testng.reporters.JUnitReportReporter -->
<testsuite skipped="0" hostname="DESKTOP-GSPH3HV" name="tests.UserEntersInvalidReferenceNumber" tests="1" failures="0" timestamp="08 May 2017 12:13:54 GMT" time="8.472" errors="0">
  <testcase name="scenarioOneTest" time="8.472" classname="tests.UserEntersInvalidReferenceNumber"/>
</testsuite> <!-- tests.UserEntersInvalidReferenceNumber -->
