<?xml version="1.0" encoding="UTF-8"?>
<!-- Generated by org.testng.reporters.JUnitReportReporter -->
<testsuite skipped="0" hostname="DESKTOP-GSPH3HV" name="tests.UserSignsInWithInvalidReferenceNumber" tests="1" failures="0" timestamp="08 May 2017 12:13:54 GMT" time="14.554" errors="0">
  <testcase name="scenarioTwoTest" time="14.554" classname="tests.UserSignsInWithInvalidReferenceNumber"/>
</testsuite> <!-- tests.UserSignsInWithInvalidReferenceNumber -->
