<?xml version="1.0" encoding="UTF-8"?>
<!-- Generated by org.testng.reporters.JUnitReportReporter -->
<testsuite skipped="0" hostname="DESKTOP-GSPH3HV" name="test.java.UserEntersInvalidReferenceNumber" tests="1" failures="0" timestamp="16 May 2017 11:12:14 GMT" time="9.156" errors="0">
  <testcase name="scenarioOneTest" time="9.156" classname="test.java.UserEntersInvalidReferenceNumber"/>
</testsuite> <!-- test.java.UserEntersInvalidReferenceNumber -->
