<?xml version="1.0" encoding="UTF-8"?>
<!-- Generated by org.testng.reporters.JUnitReportReporter -->
<testsuite skipped="0" hostname="DESKTOP-GSPH3HV" name="tests.TestA" tests="1" failures="0" timestamp="08 May 2017 10:13:54 GMT" time="6.599" errors="0">
  <testcase name="firstTest" time="6.599" classname="tests.TestA"/>
</testsuite> <!-- tests.TestA -->
